INFO:     Started server process [43924]
INFO:     Waiting for application startup.
2026-04-20 12:34:40,480 - Implementation.src.Database.FlowHistoryManager - INFO - FlowHistoryManager initialized at E:\IMT\2nd Sem\Project\Implementation\Data\flow_history.db
2026-04-20 12:34:53,952 - Implementation.src.IDS.IDS - INFO - AutoSOCRuleGenerator initialised
INFO:     Application startup complete.
INFO:     Uvicorn running on http://0.0.0.0:6050 (Press CTRL+C to quit)
2026-04-20 12:34:58,437 - Implementation.src.IDS.IDS - WARNING - Unauthorized admin access attempt
2026-04-20 12:35:02,929 - Implementation.src.IDS.IDS - WARNING - Unauthorized admin access attempt
2026-04-20 12:36:04,448 - Implementation.src.IDS.IDS - INFO - IPBlockingManager initialised
2026-04-20 12:36:04,449 - Implementation.src.IDS.IDS - INFO - Loading IDS model and artifacts...
2026-04-20 12:36:04,449 - Implementation.src.IDS.IDS - INFO -   Artifacts directory: E:\IMT\2nd Sem\Project\Models
2026-04-20 12:36:04,449 - Implementation.src.IDS.IDS - INFO -   Model path: E:\IMT\2nd Sem\Project\Models\best_ids_model.pth
E:\IMT\2nd Sem\Project\venv\lib\site-packages\sklearn\base.py:442: InconsistentVersionWarning: Trying to unpickle estimator LabelEncoder from version 1.6.1 when using version 1.7.2. This might lead to breaking code or invalid results. Use at your own risk. For more info please refer to:
https://scikit-learn.org/stable/model_persistence.html#security-maintainability-limitations
  warnings.warn(
E:\IMT\2nd Sem\Project\venv\lib\site-packages\sklearn\base.py:442: InconsistentVersionWarning: Trying to unpickle estimator StandardScaler from version 1.6.1 when using version 1.7.2. This might lead to breaking code or invalid results. Use at your own risk. For more info please refer to:
https://scikit-learn.org/stable/model_persistence.html#security-maintainability-limitations
  warnings.warn(
2026-04-20 12:36:04,483 - Implementation.src.IDS.IDS - INFO -   Loading model from checkpoint (Epoch 12, Val Acc: 54.99208925477247%)
2026-04-20 12:36:04,486 - Implementation.src.IDS.IDS - INFO - IDS model loaded successfully. Using device: cpu
2026-04-20 12:36:04,509 - Implementation.src.IDS.IDS - INFO - Prediction: Infilteration (Confidence: 0.4515)
2026-04-20 12:36:04,510 - Implementation.src.Database.FlowHistoryManager - INFO - FlowHistoryManager initialized at E:\IMT\2nd Sem\Project\Implementation\Data\flow_history.db
2026-04-20 12:36:04,522 - Implementation.src.IDS.IDS - ERROR - Analytics worker error: list indices must be integers or slices, not str
2026-04-20 12:36:04,522 - Implementation.src.IDS.IDS - INFO - Advanced IDS analytics background worker started
2026-04-20 12:36:04,565 - Implementation.src.IDS.IDS - INFO - Prediction: Infilteration (Confidence: 0.4515)
2026-04-20 12:36:04,612 - Implementation.src.IDS.IDS - INFO - Prediction: Infilteration (Confidence: 0.5084)
2026-04-20 12:36:04,627 - Implementation.src.IDS.IDS - INFO - Workflow request for alert: Infilteration (sync=True)
2026-04-20 12:36:04,630 - Implementation.src.IDS.IDS - INFO - Initializing SOCWorkflow with remote agents: {'tier1': 'http://127.0.0.1:6051', 'tier2': 'http://127.0.0.1:6052', 'tier3': 'http://127.0.0.1:6053', 'warroom': 'http://127.0.0.1:6054', 'reporter': 'http://127.0.0.1:6055', 'remediation': 'http://127.0.0.1:6056'}
2026-04-20 12:36:04,631 - Implementation.src.Agents.VectorMemoryManager - WARNING - chromadb not installed; vector memory disabled
2026-04-20 12:36:04,633 - Implementation.src.Agents.MetadataManager - INFO - MetadataManager initialized. DB path: E:\IMT\2nd Sem\Project\Reports\incidents.db
2026-04-20 12:36:04,634 - Implementation.src.Database.FlowHistoryManager - INFO - FlowHistoryManager initialized at E:\IMT\2nd Sem\Project\Implementation\Data\flow_history.db
2026-04-20 12:36:04,636 - Implementation.src.Agents.SOCWorkflow - INFO - Processing alert: Infilteration
2026-04-20 12:36:04,638 - Implementation.src.Agents.SOCWorkflow - INFO - SOCWorkflow direct mode: Tier 1 inline; Tier 2+ background=True
2026-04-20 12:36:34,534 - Implementation.src.IDS.IDS - ERROR - Analytics worker error: list indices must be integers or slices, not str
2026-04-20 12:36:37,649 - Implementation.src.Agents.SOCWorkflow - INFO - Tier 1 [Triage]: Severity=Medium, Escalate=False
2026-04-20 12:36:40,547 - Implementation.src.Agents.SOCWorkflow - INFO - Security team handoff written: E:\IMT\2nd Sem\Project\Reports\security_team_sandbox_handoff.json
2026-04-20 12:36:40,558 - Implementation.src.Agents.SOCWorkflow - INFO - Executed remediation from report recommendations
2026-04-20 12:36:42,032 - Implementation.src.Agents.MetadataManager - INFO - Successfully saved incident metadata for: UNK-1776681402.020845
2026-04-20 12:36:42,032 - Implementation.src.Agents.SOCWorkflow - INFO - Workflow completed. Incident recorded in Metadata DB. Report: E:\IMT\2nd Sem\Project\Reports\SOC_Report_20260420_123642_249920.md
2026-04-20 12:36:43,235 - Implementation.src.IDS.IDS - INFO - Prediction: DDoS (Confidence: 0.9202)
2026-04-20 12:36:43,246 - Implementation.src.IDS.IDS - INFO - SOC workflow background worker started
2026-04-20 12:36:43,247 - Implementation.src.IDS.IDS - WARNING - High-confidence threat detected; workflow queued
2026-04-20 12:36:43,266 - Implementation.src.Agents.SOCWorkflow - INFO - Processing alert: DDoS
2026-04-20 12:36:43,717 - Implementation.src.Agents.SOCWorkflow - INFO - SOCWorkflow direct mode: Tier 1 inline; Tier 2+ background=True
2026-04-20 12:36:43,758 - Implementation.src.IDS.IDS - INFO - Workflow request for alert: DDoS (sync=True)
2026-04-20 12:36:43,759 - Implementation.src.Agents.SOCWorkflow - INFO - Processing alert: DDoS
2026-04-20 12:36:43,764 - Implementation.src.Agents.SOCWorkflow - INFO - SOCWorkflow direct mode: Tier 1 inline; Tier 2+ background=True
2026-04-20 12:37:04,543 - Implementation.src.IDS.IDS - ERROR - Analytics worker error: list indices must be integers or slices, not str
2026-04-20 12:37:22,785 - Implementation.src.Agents.SOCWorkflow - INFO - Tier 1 [Triage]: Severity=High, Escalate=True
2026-04-20 12:37:22,789 - Implementation.src.Agents.SOCWorkflow - INFO - Background SOC: Tier 2 starting...
2026-04-20 12:37:22,789 - Implementation.src.Agents.SOCWorkflow - INFO - Tier 2+ scheduled on background thread (executor)
2026-04-20 12:37:22,790 - Implementation.src.IDS.IDS - INFO - Queued workflow complete for DDoS
2026-04-20 12:37:22,790 - Implementation.src.Agents.SOCWorkflow - INFO - Spawning background forensic thread for 192.168.100.150
2026-04-20 12:37:22,791 - Implementation.src.Agents.SOCWorkflow - INFO - Deep forensics started for 192.168.100.150
2026-04-20 12:37:22,791 - Implementation.src.Agents.SOCWorkflow - INFO - Awaiting HexStrike enrichment before Tier 2 analysis...
2026-04-20 12:37:25,192 - Implementation.src.Agents.SOCWorkflow - INFO - Tier 1 [Triage]: Severity=High, Escalate=True
2026-04-20 12:37:25,197 - Implementation.src.Agents.SOCWorkflow - INFO - Background SOC: Tier 2 starting...
2026-04-20 12:37:25,197 - Implementation.src.Agents.SOCWorkflow - INFO - Tier 2+ scheduled on background thread (executor)
2026-04-20 12:37:25,199 - Implementation.src.Agents.SOCWorkflow - INFO - Spawning background forensic thread for 192.168.100.150
2026-04-20 12:37:25,202 - Implementation.src.Agents.SOCWorkflow - INFO - Deep forensics started for 192.168.100.150
2026-04-20 12:37:25,202 - Implementation.src.Agents.SOCWorkflow - INFO - Awaiting HexStrike enrichment before Tier 2 analysis...
2026-04-20 12:37:26,739 - Implementation.src.IDS.IDS - INFO - Prediction: DoS (Confidence: 0.4656)
2026-04-20 12:37:26,770 - Implementation.src.IDS.IDS - WARNING - Unauthorized admin access attempt
2026-04-20 12:37:26,773 - Implementation.src.IDS.IDS - WARNING - Unauthorized admin access attempt
2026-04-20 12:37:26,773 - Implementation.src.IDS.IDS - WARNING - Unauthorized admin access attempt
2026-04-20 12:37:26,786 - Implementation.src.IDS.IDS - WARNING - Unauthorized admin access attempt
2026-04-20 12:37:29,897 - Implementation.src.IDS.IDS - INFO - Prediction: injection (Confidence: 0.4642)
2026-04-20 12:37:30,805 - Implementation.src.IDS.IDS - INFO - Prediction: Backdoor (Confidence: 0.1948)
2026-04-20 12:37:32,177 - Implementation.src.IDS.IDS - INFO - Prediction: Analysis (Confidence: 0.5052)
2026-04-20 12:37:32,649 - Implementation.src.IDS.IDS - INFO - Workflow request for alert: Analysis (sync=True)
2026-04-20 12:37:32,650 - Implementation.src.Agents.SOCWorkflow - INFO - Processing alert: Analysis
2026-04-20 12:37:32,662 - Implementation.src.Agents.SOCWorkflow - INFO - SOCWorkflow direct mode: Tier 1 inline; Tier 2+ background=True
2026-04-20 12:37:34,558 - Implementation.src.IDS.IDS - ERROR - Analytics worker error: list indices must be integers or slices, not str
2026-04-20 12:37:41,568 - Implementation.src.Agents.HexstrikeClient - ERROR - Request failed: 404 Client Error: NOT FOUND for url: http://localhost:8888/api/intelligence/ip-reputation
2026-04-20 12:37:52,438 - Implementation.src.Agents.HexstrikeClient - ERROR - Request failed: 404 Client Error: NOT FOUND for url: http://localhost:8888/api/intelligence/ip-reputation
2026-04-20 12:38:04,194 - Implementation.src.Agents.SOCWorkflow - INFO - Tier 2 [Investigation]: Severity=High, Escalate=True
2026-04-20 12:38:04,565 - Implementation.src.IDS.IDS - ERROR - Analytics worker error: list indices must be integers or slices, not str
2026-04-20 12:38:07,138 - Implementation.src.Agents.SOCWorkflow - INFO - Tier 1 [Triage]: Severity=Medium, Escalate=False
2026-04-20 12:38:08,973 - Implementation.src.Agents.SOCWorkflow - INFO - Security team handoff written: E:\IMT\2nd Sem\Project\Reports\security_team_sandbox_handoff.json
2026-04-20 12:38:08,984 - Implementation.src.Agents.SOCWorkflow - INFO - Executed remediation from report recommendations
2026-04-20 12:38:09,006 - Implementation.src.Agents.MetadataManager - INFO - Successfully saved incident metadata for: UNK-1776681488.99449
2026-04-20 12:38:09,007 - Implementation.src.Agents.SOCWorkflow - INFO - Workflow completed. Incident recorded in Metadata DB. Report: E:\IMT\2nd Sem\Project\Reports\SOC_Report_20260420_123808_497920.md
2026-04-20 12:38:10,252 - Implementation.src.Agents.SOCWorkflow - INFO - Tier 2 [Investigation]: Severity=High, Escalate=True
2026-04-20 12:38:10,832 - Implementation.src.IDS.IDS - INFO - [sandbox/clear] Sandbox state reset by API call
2026-04-20 12:38:11,341 - Implementation.src.IDS.IDS - INFO - Prediction: Brute Force (Confidence: 0.4635)
2026-04-20 12:38:11,530 - Implementation.src.IDS.IDS - INFO - Prediction: DDoS (Confidence: 0.9355)
2026-04-20 12:38:11,543 - Implementation.src.IDS.IDS - WARNING - High-confidence threat detected; workflow queued
2026-04-20 12:38:11,544 - Implementation.src.Agents.SOCWorkflow - INFO - Processing alert: DDoS
2026-04-20 12:38:12,157 - Implementation.src.Agents.SOCWorkflow - INFO - SOCWorkflow direct mode: Tier 1 inline; Tier 2+ background=True
2026-04-20 12:38:12,182 - Implementation.src.IDS.IDS - INFO - Workflow request for alert: DDoS (sync=True)
2026-04-20 12:38:12,182 - Implementation.src.Agents.SOCWorkflow - INFO - Processing alert: DDoS
2026-04-20 12:38:12,187 - Implementation.src.Agents.SOCWorkflow - INFO - SOCWorkflow direct mode: Tier 1 inline; Tier 2+ background=True
2026-04-20 12:38:15,864 - Implementation.src.Agents.SOCWorkflow - INFO - Tier 1 [Triage]: Severity=High, Escalate=True
2026-04-20 12:38:15,866 - Implementation.src.Agents.SOCWorkflow - INFO - Tier 2+ scheduled on background thread (executor)
2026-04-20 12:38:15,867 - Implementation.src.IDS.IDS - INFO - Queued workflow complete for DDoS
2026-04-20 12:38:15,866 - Implementation.src.Agents.SOCWorkflow - INFO - Background SOC: Tier 2 starting...
2026-04-20 12:38:15,868 - Implementation.src.Agents.SOCWorkflow - INFO - Spawning background forensic thread for 192.168.100.150
2026-04-20 12:38:15,870 - Implementation.src.Agents.SOCWorkflow - INFO - Awaiting HexStrike enrichment before Tier 2 analysis...
2026-04-20 12:38:15,870 - Implementation.src.Agents.SOCWorkflow - INFO - Deep forensics started for 192.168.100.150
2026-04-20 12:38:18,475 - Implementation.src.Agents.SOCWorkflow - INFO - Tier 1 [Triage]: Severity=High, Escalate=True
2026-04-20 12:38:18,479 - Implementation.src.Agents.SOCWorkflow - INFO - Background SOC: Tier 2 starting...
2026-04-20 12:38:18,479 - Implementation.src.Agents.SOCWorkflow - INFO - Tier 2+ scheduled on background thread (executor)
2026-04-20 12:38:18,480 - Implementation.src.Agents.SOCWorkflow - INFO - Spawning background forensic thread for 192.168.100.150
2026-04-20 12:38:18,485 - Implementation.src.Agents.SOCWorkflow - INFO - Awaiting HexStrike enrichment before Tier 2 analysis...
2026-04-20 12:38:20,112 - Implementation.src.IDS.IDS - WARNING - Unauthorized admin access attempt
2026-04-20 12:38:22,099 - Implementation.src.IDS.IDS - INFO - Prediction: Reconnaissance (Confidence: 0.3870)
2026-04-20 12:38:23,288 - Implementation.src.IDS.IDS - INFO - Prediction: Fuzzers (Confidence: 0.5057)
2026-04-20 12:38:24,048 - Implementation.src.IDS.IDS - INFO - Workflow request for alert: Shellcode (sync=True)
2026-04-20 12:38:24,050 - Implementation.src.Agents.SOCWorkflow - INFO - Processing alert: Shellcode
2026-04-20 12:38:24,058 - Implementation.src.Agents.SOCWorkflow - INFO - SOCWorkflow direct mode: Tier 1 inline; Tier 2+ background=True
2026-04-20 12:38:34,041 - Implementation.src.Agents.HexstrikeClient - ERROR - Request failed: 404 Client Error: NOT FOUND for url: http://localhost:8888/api/intelligence/ip-reputation
2026-04-20 12:38:34,043 - Implementation.src.Agents.SOCWorkflow - INFO - Deep forensics started for 192.168.100.150
2026-04-20 12:38:34,582 - Implementation.src.IDS.IDS - ERROR - Analytics worker error: list indices must be integers or slices, not str
2026-04-20 12:38:34,605 - Implementation.src.Agents.SOCWorkflow - INFO - Background SOC: remediation...
2026-04-20 12:38:36,548 - Implementation.src.Agents.SOCWorkflow - INFO - Security team handoff written: E:\IMT\2nd Sem\Project\Reports\security_team_sandbox_handoff.json
2026-04-20 12:38:36,566 - Implementation.src.Agents.SOCWorkflow - INFO - Background SOC: finalizing (report + metadata)...
2026-04-20 12:38:36,588 - Implementation.src.Agents.MetadataManager - INFO - Successfully saved incident metadata for: UNK-1776681516.577009
2026-04-20 12:38:36,589 - Implementation.src.Agents.SOCWorkflow - INFO - Workflow completed. Incident recorded in Metadata DB. Report: E:\IMT\2nd Sem\Project\Reports\SOC_Report_20260420_123836_498560.md
2026-04-20 12:38:36,592 - Implementation.src.Agents.SOCWorkflow - INFO - Background SOC pipeline complete. Report: E:\IMT\2nd Sem\Project\Reports\SOC_Report_20260420_123836_498560.md
2026-04-20 12:38:52,122 - Implementation.src.Agents.SOCWorkflow - INFO - Tier 2 [Investigation]: Severity=High, Escalate=True
2026-04-20 12:38:55,114 - Implementation.src.Agents.SOCWorkflow - INFO - Background SOC: remediation...
2026-04-20 12:38:57,530 - Implementation.src.Agents.SOCWorkflow - INFO - Security team handoff written: E:\IMT\2nd Sem\Project\Reports\security_team_sandbox_handoff.json
2026-04-20 12:38:57,559 - Implementation.src.Agents.SOCWorkflow - INFO - Background SOC: finalizing (report + metadata)...
2026-04-20 12:38:57,584 - Implementation.src.Agents.MetadataManager - INFO - Successfully saved incident metadata for: UNK-1776681537.570013
2026-04-20 12:38:57,587 - Implementation.src.Agents.SOCWorkflow - INFO - Workflow completed. Incident recorded in Metadata DB. Report: E:\IMT\2nd Sem\Project\Reports\SOC_Report_20260420_123857_219264.md
2026-04-20 12:38:57,588 - Implementation.src.Agents.SOCWorkflow - INFO - Background SOC pipeline complete. Report: E:\IMT\2nd Sem\Project\Reports\SOC_Report_20260420_123857_219264.md
2026-04-20 12:39:04,595 - Implementation.src.IDS.IDS - ERROR - Analytics worker error: list indices must be integers or slices, not str
2026-04-20 12:39:08,821 - Implementation.src.Agents.HexstrikeClient - ERROR - Request failed: 404 Client Error: NOT FOUND for url: http://localhost:8888/api/intelligence/ip-reputation
2026-04-20 12:39:10,045 - Implementation.src.Agents.SOCWorkflow - INFO - Tier 1 [Triage]: Severity=Medium, Escalate=False
2026-04-20 12:39:12,081 - Implementation.src.Agents.SOCWorkflow - INFO - Security team handoff written: E:\IMT\2nd Sem\Project\Reports\security_team_sandbox_handoff.json
2026-04-20 12:39:12,089 - Implementation.src.Agents.SOCWorkflow - INFO - Executed remediation from report recommendations
2026-04-20 12:39:12,118 - Implementation.src.Agents.MetadataManager - INFO - Successfully saved incident metadata for: UNK-1776681552.102055
2026-04-20 12:39:12,119 - Implementation.src.Agents.SOCWorkflow - INFO - Workflow completed. Incident recorded in Metadata DB. Report: E:\IMT\2nd Sem\Project\Reports\SOC_Report_20260420_123912_246144.md
2026-04-20 12:39:12,978 - Implementation.src.Agents.SOCWorkflow - INFO - Background SOC: remediation...
2026-04-20 12:39:13,863 - Implementation.src.IDS.IDS - INFO - Prediction: Infilteration (Confidence: 0.4515)
2026-04-20 12:39:13,985 - Implementation.src.IDS.IDS - INFO - Prediction: Infilteration (Confidence: 0.3949)
2026-04-20 12:39:15,874 - Implementation.src.IDS.IDS - INFO - Prediction: Fuzzers (Confidence: 0.6017)
2026-04-20 12:39:16,523 - Implementation.src.Agents.SOCWorkflow - INFO - Tier 2 [Investigation]: Severity=High, Escalate=True
2026-04-20 12:39:16,797 - Implementation.src.Agents.SOCWorkflow - INFO - Security team handoff written: E:\IMT\2nd Sem\Project\Reports\security_team_sandbox_handoff.json
2026-04-20 12:39:16,804 - Implementation.src.Agents.SOCWorkflow - INFO - Background SOC: finalizing (report + metadata)...
2026-04-20 12:39:16,837 - Implementation.src.Agents.MetadataManager - INFO - Successfully saved incident metadata for: UNK-1776681556.827704
2026-04-20 12:39:16,837 - Implementation.src.Agents.SOCWorkflow - INFO - Workflow completed. Incident recorded in Metadata DB. Report: E:\IMT\2nd Sem\Project\Reports\SOC_Report_20260420_123916_246336.md
2026-04-20 12:39:16,839 - Implementation.src.Agents.SOCWorkflow - INFO - Background SOC pipeline complete. Report: E:\IMT\2nd Sem\Project\Reports\SOC_Report_20260420_123916_246336.md
2026-04-20 12:39:17,599 - Implementation.src.IDS.IDS - INFO - Workflow request for alert: Generic (sync=True)
2026-04-20 12:39:17,600 - Implementation.src.Agents.SOCWorkflow - INFO - Processing alert: Generic
2026-04-20 12:39:17,604 - Implementation.src.Agents.SOCWorkflow - INFO - SOCWorkflow direct mode: Tier 1 inline; Tier 2+ background=True
2026-04-20 12:39:19,414 - Implementation.src.Agents.SOCWorkflow - INFO - Background SOC: remediation...
2026-04-20 12:39:21,068 - Implementation.src.Agents.SOCWorkflow - INFO - Security team handoff written: E:\IMT\2nd Sem\Project\Reports\security_team_sandbox_handoff.json
2026-04-20 12:39:21,082 - Implementation.src.Agents.SOCWorkflow - INFO - Background SOC: finalizing (report + metadata)...
2026-04-20 12:39:21,123 - Implementation.src.Agents.MetadataManager - INFO - Successfully saved incident metadata for: UNK-1776681561.113058
2026-04-20 12:39:21,125 - Implementation.src.Agents.SOCWorkflow - INFO - Workflow completed. Incident recorded in Metadata DB. Report: E:\IMT\2nd Sem\Project\Reports\SOC_Report_20260420_123921_224832.md
2026-04-20 12:39:21,126 - Implementation.src.Agents.SOCWorkflow - INFO - Background SOC pipeline complete. Report: E:\IMT\2nd Sem\Project\Reports\SOC_Report_20260420_123921_224832.md
2026-04-20 12:39:34,612 - Implementation.src.IDS.IDS - ERROR - Analytics worker error: list indices must be integers or slices, not str
2026-04-20 12:39:34,678 - Implementation.src.Agents.SOCWorkflow - INFO - Tier 1 [Triage]: Severity=Medium, Escalate=False
2026-04-20 12:39:36,356 - Implementation.src.Agents.SOCWorkflow - INFO - Security team handoff written: E:\IMT\2nd Sem\Project\Reports\security_team_sandbox_handoff.json
2026-04-20 12:39:36,362 - Implementation.src.Agents.SOCWorkflow - INFO - Executed remediation from report recommendations
2026-04-20 12:39:36,397 - Implementation.src.Agents.MetadataManager - INFO - Successfully saved incident metadata for: UNK-1776681576.391649
2026-04-20 12:39:36,397 - Implementation.src.Agents.SOCWorkflow - INFO - Workflow completed. Incident recorded in Metadata DB. Report: E:\IMT\2nd Sem\Project\Reports\SOC_Report_20260420_123936_224832.md
2026-04-20 12:39:36,895 - Implementation.src.IDS.IDS - INFO - [sandbox/clear] Sandbox state reset by API call
2026-04-20 12:39:36,915 - asyncio - ERROR - Exception in callback _ProactorBasePipeTransport._call_connection_lost(None)
handle: <Handle _ProactorBasePipeTransport._call_connection_lost(None)>
Traceback (most recent call last):
  File "C:\Users\abbas\AppData\Local\Programs\Python\Python310\lib\asyncio\events.py", line 80, in _run
    self._context.run(self._callback, *self._args)
  File "C:\Users\abbas\AppData\Local\Programs\Python\Python310\lib\asyncio\proactor_events.py", line 165, in _call_connection_lost
    self._sock.shutdown(socket.SHUT_RDWR)
ConnectionResetError: [WinError 10054] An existing connection was forcibly closed by the remote host
2026-04-20 12:39:36,944 - Implementation.src.IDS.IDS - WARNING - Unauthorized admin access attempt
2026-04-20 12:39:36,948 - Implementation.src.IDS.IDS - WARNING - Unauthorized admin access attempt
2026-04-20 12:39:36,953 - Implementation.src.IDS.IDS - WARNING - Unauthorized admin access attempt
2026-04-20 12:39:36,959 - Implementation.src.IDS.IDS - WARNING - Unauthorized admin access attempt
2026-04-20 12:39:36,964 - Implementation.src.IDS.IDS - WARNING - Unauthorized admin access attempt
2026-04-20 12:39:37,056 - Implementation.src.IDS.IDS - WARNING - Unauthorized admin access attempt
2026-04-20 12:39:37,068 - Implementation.src.IDS.IDS - WARNING - Unauthorized admin access attempt
2026-04-20 12:39:37,073 - Implementation.src.IDS.IDS - WARNING - Unauthorized admin access attempt
