INFO:     Started server process [12764]
INFO:     Waiting for application startup.
INFO:     Application startup complete.
INFO:     Uvicorn running on http://0.0.0.0:6051 (Press CTRL+C to quit)
2026-04-22 18:08:24,910 - Implementation.src.IDS.IDS - INFO - Loading IDS model and artifacts...
2026-04-22 18:08:24,910 - Implementation.src.IDS.IDS - INFO -   Artifacts directory: E:\IMT\2nd Sem\Project\Models
2026-04-22 18:08:24,911 - Implementation.src.IDS.IDS - INFO -   Model path: E:\IMT\2nd Sem\Project\Models\best_ids_model.pth
E:\IMT\2nd Sem\Project\venv\lib\site-packages\sklearn\base.py:442: InconsistentVersionWarning: Trying to unpickle estimator LabelEncoder from version 1.6.1 when using version 1.7.2. This might lead to breaking code or invalid results. Use at your own risk. For more info please refer to:
https://scikit-learn.org/stable/model_persistence.html#security-maintainability-limitations
  warnings.warn(
E:\IMT\2nd Sem\Project\venv\lib\site-packages\sklearn\base.py:442: InconsistentVersionWarning: Trying to unpickle estimator StandardScaler from version 1.6.1 when using version 1.7.2. This might lead to breaking code or invalid results. Use at your own risk. For more info please refer to:
https://scikit-learn.org/stable/model_persistence.html#security-maintainability-limitations
  warnings.warn(
2026-04-22 18:08:24,947 - Implementation.src.IDS.IDS - INFO -   Loading model from checkpoint (Epoch 12, Val Acc: 54.99208925477247%)
2026-04-22 18:08:24,949 - Implementation.src.IDS.IDS - INFO - IDS model loaded successfully. Using device: cpu
2026-04-22 18:08:24,949 - AgentServer - INFO - tier1 agent initialized.
2026-04-22 18:08:25,137 - Implementation.src.Agents.TierAnalystAgent - INFO - Tier 1: Running Hexstrike AI analysis on 192.168.1.1
2026-04-22 18:08:37,320 - httpx - INFO - HTTP Request: POST https://ragarenn.eskemm-numerique.fr/sso/ch@t/api/chat/completions "HTTP/1.1 401 Unauthorized"
2026-04-22 18:08:37,321 - Implementation.src.Agents.BaseAgent - ERROR - Tier1Analyst: Error calling model: Error code: 401 - {'detail': '401 Unauthorized'}
2026-04-22 18:08:50,999 - Implementation.src.Agents.TierAnalystAgent - INFO - Tier 1: Running Hexstrike AI analysis on 192.168.1.1
2026-04-22 18:08:51,092 - httpx - INFO - HTTP Request: POST https://ragarenn.eskemm-numerique.fr/sso/ch@t/api/chat/completions "HTTP/1.1 401 Unauthorized"
2026-04-22 18:08:51,093 - Implementation.src.Agents.BaseAgent - ERROR - Tier1Analyst: Error calling model: Error code: 401 - {'detail': '401 Unauthorized'}
2026-04-22 18:09:13,813 - Implementation.src.Agents.TierAnalystAgent - INFO - Tier 1: Running Hexstrike AI analysis on 192.168.1.1
2026-04-22 18:09:13,924 - httpx - INFO - HTTP Request: POST https://ragarenn.eskemm-numerique.fr/sso/ch@t/api/chat/completions "HTTP/1.1 401 Unauthorized"
2026-04-22 18:09:13,925 - Implementation.src.Agents.BaseAgent - ERROR - Tier1Analyst: Error calling model: Error code: 401 - {'detail': '401 Unauthorized'}
